ARM GAS  C:\Users\aavas\AppData\Local\Temp\cc2QEgka.s 			page 1


   1              		.cpu cortex-m3
   2              		.arch armv7-m
   3              		.fpu softvfp
   4              		.eabi_attribute 20, 1
   5              		.eabi_attribute 21, 1
   6              		.eabi_attribute 23, 3
   7              		.eabi_attribute 24, 1
   8              		.eabi_attribute 25, 1
   9              		.eabi_attribute 26, 1
  10              		.eabi_attribute 30, 1
  11              		.eabi_attribute 34, 1
  12              		.eabi_attribute 18, 4
  13              		.file	"usart.c"
  14              		.text
  15              	.Ltext0:
  16              		.cfi_sections	.debug_frame
  17              		.file 1 "Core/Src/usart.c"
  18              		.section	.text.MX_USART1_UART_Init,"ax",%progbits
  19              		.align	1
  20              		.global	MX_USART1_UART_Init
  21              		.syntax unified
  22              		.thumb
  23              		.thumb_func
  25              	MX_USART1_UART_Init:
  26              	.LFB65:
   1:Core/Src/usart.c **** /* USER CODE BEGIN Header */
   2:Core/Src/usart.c **** /**
   3:Core/Src/usart.c ****   ******************************************************************************
   4:Core/Src/usart.c ****   * @file    usart.c
   5:Core/Src/usart.c ****   * @brief   This file provides code for the configuration
   6:Core/Src/usart.c ****   *          of the USART instances.
   7:Core/Src/usart.c ****   ******************************************************************************
   8:Core/Src/usart.c ****   * @attention
   9:Core/Src/usart.c ****   *
  10:Core/Src/usart.c ****   * Copyright (c) 2025 STMicroelectronics.
  11:Core/Src/usart.c ****   * All rights reserved.
  12:Core/Src/usart.c ****   *
  13:Core/Src/usart.c ****   * This software is licensed under terms that can be found in the LICENSE file
  14:Core/Src/usart.c ****   * in the root directory of this software component.
  15:Core/Src/usart.c ****   * If no LICENSE file comes with this software, it is provided AS-IS.
  16:Core/Src/usart.c ****   *
  17:Core/Src/usart.c ****   ******************************************************************************
  18:Core/Src/usart.c ****   */
  19:Core/Src/usart.c **** /* USER CODE END Header */
  20:Core/Src/usart.c **** /* Includes ------------------------------------------------------------------*/
  21:Core/Src/usart.c **** #include "usart.h"
  22:Core/Src/usart.c **** 
  23:Core/Src/usart.c **** /* USER CODE BEGIN 0 */
  24:Core/Src/usart.c **** 
  25:Core/Src/usart.c **** /* USER CODE END 0 */
  26:Core/Src/usart.c **** 
  27:Core/Src/usart.c **** UART_HandleTypeDef huart1;
  28:Core/Src/usart.c **** 
  29:Core/Src/usart.c **** /* USART1 init function */
  30:Core/Src/usart.c **** 
  31:Core/Src/usart.c **** void MX_USART1_UART_Init(void)
  32:Core/Src/usart.c **** {
ARM GAS  C:\Users\aavas\AppData\Local\Temp\cc2QEgka.s 			page 2


  27              		.loc 1 32 1 view -0
  28              		.cfi_startproc
  29              		@ args = 0, pretend = 0, frame = 0
  30              		@ frame_needed = 0, uses_anonymous_args = 0
  31 0000 08B5     		push	{r3, lr}
  32              		.cfi_def_cfa_offset 8
  33              		.cfi_offset 3, -8
  34              		.cfi_offset 14, -4
  33:Core/Src/usart.c **** 
  34:Core/Src/usart.c ****   /* USER CODE BEGIN USART1_Init 0 */
  35:Core/Src/usart.c **** 
  36:Core/Src/usart.c ****   /* USER CODE END USART1_Init 0 */
  37:Core/Src/usart.c **** 
  38:Core/Src/usart.c ****   /* USER CODE BEGIN USART1_Init 1 */
  39:Core/Src/usart.c **** 
  40:Core/Src/usart.c ****   /* USER CODE END USART1_Init 1 */
  41:Core/Src/usart.c ****   huart1.Instance = USART1;
  35              		.loc 1 41 3 view .LVU1
  36              		.loc 1 41 19 is_stmt 0 view .LVU2
  37 0002 0A48     		ldr	r0, .L5
  38 0004 0A4B     		ldr	r3, .L5+4
  39 0006 0360     		str	r3, [r0]
  42:Core/Src/usart.c ****   huart1.Init.BaudRate = 115200;
  40              		.loc 1 42 3 is_stmt 1 view .LVU3
  41              		.loc 1 42 24 is_stmt 0 view .LVU4
  42 0008 4FF4E133 		mov	r3, #115200
  43 000c 4360     		str	r3, [r0, #4]
  43:Core/Src/usart.c ****   huart1.Init.WordLength = UART_WORDLENGTH_8B;
  44              		.loc 1 43 3 is_stmt 1 view .LVU5
  45              		.loc 1 43 26 is_stmt 0 view .LVU6
  46 000e 0023     		movs	r3, #0
  47 0010 8360     		str	r3, [r0, #8]
  44:Core/Src/usart.c ****   huart1.Init.StopBits = UART_STOPBITS_1;
  48              		.loc 1 44 3 is_stmt 1 view .LVU7
  49              		.loc 1 44 24 is_stmt 0 view .LVU8
  50 0012 C360     		str	r3, [r0, #12]
  45:Core/Src/usart.c ****   huart1.Init.Parity = UART_PARITY_NONE;
  51              		.loc 1 45 3 is_stmt 1 view .LVU9
  52              		.loc 1 45 22 is_stmt 0 view .LVU10
  53 0014 0361     		str	r3, [r0, #16]
  46:Core/Src/usart.c ****   huart1.Init.Mode = UART_MODE_TX_RX;
  54              		.loc 1 46 3 is_stmt 1 view .LVU11
  55              		.loc 1 46 20 is_stmt 0 view .LVU12
  56 0016 0C22     		movs	r2, #12
  57 0018 4261     		str	r2, [r0, #20]
  47:Core/Src/usart.c ****   huart1.Init.HwFlowCtl = UART_HWCONTROL_NONE;
  58              		.loc 1 47 3 is_stmt 1 view .LVU13
  59              		.loc 1 47 25 is_stmt 0 view .LVU14
  60 001a 8361     		str	r3, [r0, #24]
  48:Core/Src/usart.c ****   huart1.Init.OverSampling = UART_OVERSAMPLING_16;
  61              		.loc 1 48 3 is_stmt 1 view .LVU15
  62              		.loc 1 48 28 is_stmt 0 view .LVU16
  63 001c C361     		str	r3, [r0, #28]
  49:Core/Src/usart.c ****   if (HAL_UART_Init(&huart1) != HAL_OK)
  64              		.loc 1 49 3 is_stmt 1 view .LVU17
  65              		.loc 1 49 7 is_stmt 0 view .LVU18
  66 001e FFF7FEFF 		bl	HAL_UART_Init
ARM GAS  C:\Users\aavas\AppData\Local\Temp\cc2QEgka.s 			page 3


  67              	.LVL0:
  68              		.loc 1 49 6 discriminator 1 view .LVU19
  69 0022 00B9     		cbnz	r0, .L4
  70              	.L1:
  50:Core/Src/usart.c ****   {
  51:Core/Src/usart.c ****     Error_Handler();
  52:Core/Src/usart.c ****   }
  53:Core/Src/usart.c ****   /* USER CODE BEGIN USART1_Init 2 */
  54:Core/Src/usart.c **** 
  55:Core/Src/usart.c ****   /* USER CODE END USART1_Init 2 */
  56:Core/Src/usart.c **** 
  57:Core/Src/usart.c **** }
  71              		.loc 1 57 1 view .LVU20
  72 0024 08BD     		pop	{r3, pc}
  73              	.L4:
  51:Core/Src/usart.c ****   }
  74              		.loc 1 51 5 is_stmt 1 view .LVU21
  75 0026 FFF7FEFF 		bl	Error_Handler
  76              	.LVL1:
  77              		.loc 1 57 1 is_stmt 0 view .LVU22
  78 002a FBE7     		b	.L1
  79              	.L6:
  80              		.align	2
  81              	.L5:
  82 002c 00000000 		.word	huart1
  83 0030 00380140 		.word	1073821696
  84              		.cfi_endproc
  85              	.LFE65:
  87              		.section	.text.HAL_UART_MspInit,"ax",%progbits
  88              		.align	1
  89              		.global	HAL_UART_MspInit
  90              		.syntax unified
  91              		.thumb
  92              		.thumb_func
  94              	HAL_UART_MspInit:
  95              	.LVL2:
  96              	.LFB66:
  58:Core/Src/usart.c **** 
  59:Core/Src/usart.c **** void HAL_UART_MspInit(UART_HandleTypeDef* uartHandle)
  60:Core/Src/usart.c **** {
  97              		.loc 1 60 1 is_stmt 1 view -0
  98              		.cfi_startproc
  99              		@ args = 0, pretend = 0, frame = 24
 100              		@ frame_needed = 0, uses_anonymous_args = 0
 101              		.loc 1 60 1 is_stmt 0 view .LVU24
 102 0000 30B5     		push	{r4, r5, lr}
 103              		.cfi_def_cfa_offset 12
 104              		.cfi_offset 4, -12
 105              		.cfi_offset 5, -8
 106              		.cfi_offset 14, -4
 107 0002 87B0     		sub	sp, sp, #28
 108              		.cfi_def_cfa_offset 40
  61:Core/Src/usart.c **** 
  62:Core/Src/usart.c ****   GPIO_InitTypeDef GPIO_InitStruct = {0};
 109              		.loc 1 62 3 is_stmt 1 view .LVU25
 110              		.loc 1 62 20 is_stmt 0 view .LVU26
 111 0004 0023     		movs	r3, #0
ARM GAS  C:\Users\aavas\AppData\Local\Temp\cc2QEgka.s 			page 4


 112 0006 0293     		str	r3, [sp, #8]
 113 0008 0393     		str	r3, [sp, #12]
 114 000a 0493     		str	r3, [sp, #16]
 115 000c 0593     		str	r3, [sp, #20]
  63:Core/Src/usart.c ****   if(uartHandle->Instance==USART1)
 116              		.loc 1 63 3 is_stmt 1 view .LVU27
 117              		.loc 1 63 16 is_stmt 0 view .LVU28
 118 000e 0268     		ldr	r2, [r0]
 119              		.loc 1 63 5 view .LVU29
 120 0010 1A4B     		ldr	r3, .L11
 121 0012 9A42     		cmp	r2, r3
 122 0014 01D0     		beq	.L10
 123              	.LVL3:
 124              	.L7:
  64:Core/Src/usart.c ****   {
  65:Core/Src/usart.c ****   /* USER CODE BEGIN USART1_MspInit 0 */
  66:Core/Src/usart.c **** 
  67:Core/Src/usart.c ****   /* USER CODE END USART1_MspInit 0 */
  68:Core/Src/usart.c ****     /* USART1 clock enable */
  69:Core/Src/usart.c ****     __HAL_RCC_USART1_CLK_ENABLE();
  70:Core/Src/usart.c **** 
  71:Core/Src/usart.c ****     __HAL_RCC_GPIOA_CLK_ENABLE();
  72:Core/Src/usart.c ****     /**USART1 GPIO Configuration
  73:Core/Src/usart.c ****     // PA9     ------> USART1_TX
  74:Core/Src/usart.c ****     // PA10    ------> USART1_RX
  75:Core/Src/usart.c ****     // */
  76:Core/Src/usart.c ****     // GPIO_InitStruct.Pin = GPIO_PIN_9;
  77:Core/Src/usart.c ****     // GPIO_InitStruct.Mode = GPIO_MODE_AF_PP;
  78:Core/Src/usart.c ****     // GPIO_InitStruct.Speed = GPIO_SPEED_FREQ_HIGH;
  79:Core/Src/usart.c ****     // HAL_GPIO_Init(GPIOA, &GPIO_InitStruct);
  80:Core/Src/usart.c **** 
  81:Core/Src/usart.c ****     // GPIO_InitStruct.Pin = GPIO_PIN_10;
  82:Core/Src/usart.c ****     // GPIO_InitStruct.Mode = GPIO_MODE_INPUT;
  83:Core/Src/usart.c ****     // GPIO_InitStruct.Pull = GPIO_NOPULL;
  84:Core/Src/usart.c ****     // HAL_GPIO_Init(GPIOA, &GPIO_InitStruct);
  85:Core/Src/usart.c **** 
  86:Core/Src/usart.c ****     // PB6  ------> USART1_TX
  87:Core/Src/usart.c ****     // PB7    ------> USART1_RX
  88:Core/Src/usart.c ****     
  89:Core/Src/usart.c ****     GPIO_InitStruct.Pin = GPIO_PIN_6;
  90:Core/Src/usart.c ****     GPIO_InitStruct.Mode = GPIO_MODE_AF_PP;
  91:Core/Src/usart.c ****     GPIO_InitStruct.Speed = GPIO_SPEED_FREQ_HIGH;
  92:Core/Src/usart.c ****     HAL_GPIO_Init(GPIOB, &GPIO_InitStruct);
  93:Core/Src/usart.c **** 
  94:Core/Src/usart.c ****     GPIO_InitStruct.Pin = GPIO_PIN_7;
  95:Core/Src/usart.c ****     GPIO_InitStruct.Mode = GPIO_MODE_INPUT;
  96:Core/Src/usart.c ****     GPIO_InitStruct.Pull = GPIO_NOPULL;
  97:Core/Src/usart.c ****     HAL_GPIO_Init(GPIOB, &GPIO_InitStruct);
  98:Core/Src/usart.c **** 
  99:Core/Src/usart.c ****     __HAL_AFIO_REMAP_USART1_ENABLE();
 100:Core/Src/usart.c **** 
 101:Core/Src/usart.c **** 
 102:Core/Src/usart.c ****   /* USER CODE BEGIN USART1_MspInit 1 */
 103:Core/Src/usart.c **** 
 104:Core/Src/usart.c ****   /* USER CODE END USART1_MspInit 1 */
 105:Core/Src/usart.c ****   }
 106:Core/Src/usart.c **** }
ARM GAS  C:\Users\aavas\AppData\Local\Temp\cc2QEgka.s 			page 5


 125              		.loc 1 106 1 view .LVU30
 126 0016 07B0     		add	sp, sp, #28
 127              		.cfi_remember_state
 128              		.cfi_def_cfa_offset 12
 129              		@ sp needed
 130 0018 30BD     		pop	{r4, r5, pc}
 131              	.LVL4:
 132              	.L10:
 133              		.cfi_restore_state
  69:Core/Src/usart.c **** 
 134              		.loc 1 69 5 is_stmt 1 view .LVU31
 135              	.LBB2:
  69:Core/Src/usart.c **** 
 136              		.loc 1 69 5 view .LVU32
  69:Core/Src/usart.c **** 
 137              		.loc 1 69 5 view .LVU33
 138 001a 03F55843 		add	r3, r3, #55296
 139 001e 9A69     		ldr	r2, [r3, #24]
 140 0020 42F48042 		orr	r2, r2, #16384
 141 0024 9A61     		str	r2, [r3, #24]
  69:Core/Src/usart.c **** 
 142              		.loc 1 69 5 view .LVU34
 143 0026 9A69     		ldr	r2, [r3, #24]
 144 0028 02F48042 		and	r2, r2, #16384
 145 002c 0092     		str	r2, [sp]
  69:Core/Src/usart.c **** 
 146              		.loc 1 69 5 view .LVU35
 147 002e 009A     		ldr	r2, [sp]
 148              	.LBE2:
  69:Core/Src/usart.c **** 
 149              		.loc 1 69 5 view .LVU36
  71:Core/Src/usart.c ****     /**USART1 GPIO Configuration
 150              		.loc 1 71 5 view .LVU37
 151              	.LBB3:
  71:Core/Src/usart.c ****     /**USART1 GPIO Configuration
 152              		.loc 1 71 5 view .LVU38
  71:Core/Src/usart.c ****     /**USART1 GPIO Configuration
 153              		.loc 1 71 5 view .LVU39
 154 0030 9A69     		ldr	r2, [r3, #24]
 155 0032 42F00402 		orr	r2, r2, #4
 156 0036 9A61     		str	r2, [r3, #24]
  71:Core/Src/usart.c ****     /**USART1 GPIO Configuration
 157              		.loc 1 71 5 view .LVU40
 158 0038 9B69     		ldr	r3, [r3, #24]
 159 003a 03F00403 		and	r3, r3, #4
 160 003e 0193     		str	r3, [sp, #4]
  71:Core/Src/usart.c ****     /**USART1 GPIO Configuration
 161              		.loc 1 71 5 view .LVU41
 162 0040 019B     		ldr	r3, [sp, #4]
 163              	.LBE3:
  71:Core/Src/usart.c ****     /**USART1 GPIO Configuration
 164              		.loc 1 71 5 view .LVU42
  89:Core/Src/usart.c ****     GPIO_InitStruct.Mode = GPIO_MODE_AF_PP;
 165              		.loc 1 89 5 view .LVU43
  89:Core/Src/usart.c ****     GPIO_InitStruct.Mode = GPIO_MODE_AF_PP;
 166              		.loc 1 89 25 is_stmt 0 view .LVU44
 167 0042 4023     		movs	r3, #64
ARM GAS  C:\Users\aavas\AppData\Local\Temp\cc2QEgka.s 			page 6


 168 0044 0293     		str	r3, [sp, #8]
  90:Core/Src/usart.c ****     GPIO_InitStruct.Speed = GPIO_SPEED_FREQ_HIGH;
 169              		.loc 1 90 5 is_stmt 1 view .LVU45
  90:Core/Src/usart.c ****     GPIO_InitStruct.Speed = GPIO_SPEED_FREQ_HIGH;
 170              		.loc 1 90 26 is_stmt 0 view .LVU46
 171 0046 0223     		movs	r3, #2
 172 0048 0393     		str	r3, [sp, #12]
  91:Core/Src/usart.c ****     HAL_GPIO_Init(GPIOB, &GPIO_InitStruct);
 173              		.loc 1 91 5 is_stmt 1 view .LVU47
  91:Core/Src/usart.c ****     HAL_GPIO_Init(GPIOB, &GPIO_InitStruct);
 174              		.loc 1 91 27 is_stmt 0 view .LVU48
 175 004a 0323     		movs	r3, #3
 176 004c 0593     		str	r3, [sp, #20]
  92:Core/Src/usart.c **** 
 177              		.loc 1 92 5 is_stmt 1 view .LVU49
 178 004e 02AD     		add	r5, sp, #8
 179 0050 0B4C     		ldr	r4, .L11+4
 180 0052 2946     		mov	r1, r5
 181 0054 2046     		mov	r0, r4
 182              	.LVL5:
  92:Core/Src/usart.c **** 
 183              		.loc 1 92 5 is_stmt 0 view .LVU50
 184 0056 FFF7FEFF 		bl	HAL_GPIO_Init
 185              	.LVL6:
  94:Core/Src/usart.c ****     GPIO_InitStruct.Mode = GPIO_MODE_INPUT;
 186              		.loc 1 94 5 is_stmt 1 view .LVU51
  94:Core/Src/usart.c ****     GPIO_InitStruct.Mode = GPIO_MODE_INPUT;
 187              		.loc 1 94 25 is_stmt 0 view .LVU52
 188 005a 8023     		movs	r3, #128
 189 005c 0293     		str	r3, [sp, #8]
  95:Core/Src/usart.c ****     GPIO_InitStruct.Pull = GPIO_NOPULL;
 190              		.loc 1 95 5 is_stmt 1 view .LVU53
  95:Core/Src/usart.c ****     GPIO_InitStruct.Pull = GPIO_NOPULL;
 191              		.loc 1 95 26 is_stmt 0 view .LVU54
 192 005e 0023     		movs	r3, #0
 193 0060 0393     		str	r3, [sp, #12]
  96:Core/Src/usart.c ****     HAL_GPIO_Init(GPIOB, &GPIO_InitStruct);
 194              		.loc 1 96 5 is_stmt 1 view .LVU55
  96:Core/Src/usart.c ****     HAL_GPIO_Init(GPIOB, &GPIO_InitStruct);
 195              		.loc 1 96 26 is_stmt 0 view .LVU56
 196 0062 0493     		str	r3, [sp, #16]
  97:Core/Src/usart.c **** 
 197              		.loc 1 97 5 is_stmt 1 view .LVU57
 198 0064 2946     		mov	r1, r5
 199 0066 2046     		mov	r0, r4
 200 0068 FFF7FEFF 		bl	HAL_GPIO_Init
 201              	.LVL7:
  99:Core/Src/usart.c **** 
 202              		.loc 1 99 5 view .LVU58
 203              	.LBB4:
  99:Core/Src/usart.c **** 
 204              		.loc 1 99 5 view .LVU59
 205 006c 054A     		ldr	r2, .L11+8
 206 006e 5368     		ldr	r3, [r2, #4]
 207              	.LVL8:
  99:Core/Src/usart.c **** 
 208              		.loc 1 99 5 view .LVU60
ARM GAS  C:\Users\aavas\AppData\Local\Temp\cc2QEgka.s 			page 7


  99:Core/Src/usart.c **** 
 209              		.loc 1 99 5 view .LVU61
 210 0070 43F0E063 		orr	r3, r3, #117440512
 211              	.LVL9:
  99:Core/Src/usart.c **** 
 212              		.loc 1 99 5 is_stmt 0 view .LVU62
 213 0074 43F00403 		orr	r3, r3, #4
 214              	.LVL10:
  99:Core/Src/usart.c **** 
 215              		.loc 1 99 5 is_stmt 1 view .LVU63
 216 0078 5360     		str	r3, [r2, #4]
 217              	.LBE4:
  99:Core/Src/usart.c **** 
 218              		.loc 1 99 5 discriminator 1 view .LVU64
 219              		.loc 1 106 1 is_stmt 0 view .LVU65
 220 007a CCE7     		b	.L7
 221              	.L12:
 222              		.align	2
 223              	.L11:
 224 007c 00380140 		.word	1073821696
 225 0080 000C0140 		.word	1073810432
 226 0084 00000140 		.word	1073807360
 227              		.cfi_endproc
 228              	.LFE66:
 230              		.section	.text.HAL_UART_MspDeInit,"ax",%progbits
 231              		.align	1
 232              		.global	HAL_UART_MspDeInit
 233              		.syntax unified
 234              		.thumb
 235              		.thumb_func
 237              	HAL_UART_MspDeInit:
 238              	.LVL11:
 239              	.LFB67:
 107:Core/Src/usart.c **** 
 108:Core/Src/usart.c **** void HAL_UART_MspDeInit(UART_HandleTypeDef* uartHandle)
 109:Core/Src/usart.c **** {
 240              		.loc 1 109 1 is_stmt 1 view -0
 241              		.cfi_startproc
 242              		@ args = 0, pretend = 0, frame = 0
 243              		@ frame_needed = 0, uses_anonymous_args = 0
 244              		.loc 1 109 1 is_stmt 0 view .LVU67
 245 0000 08B5     		push	{r3, lr}
 246              		.cfi_def_cfa_offset 8
 247              		.cfi_offset 3, -8
 248              		.cfi_offset 14, -4
 110:Core/Src/usart.c **** 
 111:Core/Src/usart.c ****   if(uartHandle->Instance==USART1)
 249              		.loc 1 111 3 is_stmt 1 view .LVU68
 250              		.loc 1 111 16 is_stmt 0 view .LVU69
 251 0002 0268     		ldr	r2, [r0]
 252              		.loc 1 111 5 view .LVU70
 253 0004 064B     		ldr	r3, .L17
 254 0006 9A42     		cmp	r2, r3
 255 0008 00D0     		beq	.L16
 256              	.LVL12:
 257              	.L13:
 112:Core/Src/usart.c ****   {
ARM GAS  C:\Users\aavas\AppData\Local\Temp\cc2QEgka.s 			page 8


 113:Core/Src/usart.c ****   /* USER CODE BEGIN USART1_MspDeInit 0 */
 114:Core/Src/usart.c **** 
 115:Core/Src/usart.c ****   /* USER CODE END USART1_MspDeInit 0 */
 116:Core/Src/usart.c ****     /* Peripheral clock disable */
 117:Core/Src/usart.c ****     __HAL_RCC_USART1_CLK_DISABLE();
 118:Core/Src/usart.c **** 
 119:Core/Src/usart.c ****     /**USART1 GPIO Configuration
 120:Core/Src/usart.c ****     PA9     ------> USART1_TX
 121:Core/Src/usart.c ****     PA10     ------> USART1_RX
 122:Core/Src/usart.c ****     */
 123:Core/Src/usart.c ****     HAL_GPIO_DeInit(GPIOA, GPIO_PIN_6|GPIO_PIN_7);
 124:Core/Src/usart.c **** 
 125:Core/Src/usart.c ****   /* USER CODE BEGIN USART1_MspDeInit 1 */
 126:Core/Src/usart.c **** 
 127:Core/Src/usart.c ****   /* USER CODE END USART1_MspDeInit 1 */
 128:Core/Src/usart.c ****   }
 129:Core/Src/usart.c **** }
 258              		.loc 1 129 1 view .LVU71
 259 000a 08BD     		pop	{r3, pc}
 260              	.LVL13:
 261              	.L16:
 117:Core/Src/usart.c **** 
 262              		.loc 1 117 5 is_stmt 1 view .LVU72
 263 000c 054A     		ldr	r2, .L17+4
 264 000e 9369     		ldr	r3, [r2, #24]
 265 0010 23F48043 		bic	r3, r3, #16384
 266 0014 9361     		str	r3, [r2, #24]
 123:Core/Src/usart.c **** 
 267              		.loc 1 123 5 view .LVU73
 268 0016 C021     		movs	r1, #192
 269 0018 0348     		ldr	r0, .L17+8
 270              	.LVL14:
 123:Core/Src/usart.c **** 
 271              		.loc 1 123 5 is_stmt 0 view .LVU74
 272 001a FFF7FEFF 		bl	HAL_GPIO_DeInit
 273              	.LVL15:
 274              		.loc 1 129 1 view .LVU75
 275 001e F4E7     		b	.L13
 276              	.L18:
 277              		.align	2
 278              	.L17:
 279 0020 00380140 		.word	1073821696
 280 0024 00100240 		.word	1073876992
 281 0028 00080140 		.word	1073809408
 282              		.cfi_endproc
 283              	.LFE67:
 285              		.global	huart1
 286              		.section	.bss.huart1,"aw",%nobits
 287              		.align	2
 290              	huart1:
 291 0000 00000000 		.space	72
 291      00000000 
 291      00000000 
 291      00000000 
 291      00000000 
 292              		.text
 293              	.Letext0:
ARM GAS  C:\Users\aavas\AppData\Local\Temp\cc2QEgka.s 			page 9


 294              		.file 2 "C:/Users/aavas/AppData/Roaming/Code/User/globalStorage/bmd.stm32-for-vscode/@xpack-dev-to
 295              		.file 3 "C:/Users/aavas/AppData/Roaming/Code/User/globalStorage/bmd.stm32-for-vscode/@xpack-dev-to
 296              		.file 4 "Drivers/CMSIS/Device/ST/STM32F1xx/Include/stm32f103xb.h"
 297              		.file 5 "Drivers/STM32F1xx_HAL_Driver/Inc/stm32f1xx_hal_def.h"
 298              		.file 6 "Drivers/STM32F1xx_HAL_Driver/Inc/stm32f1xx_hal_gpio.h"
 299              		.file 7 "Drivers/STM32F1xx_HAL_Driver/Inc/stm32f1xx_hal_dma.h"
 300              		.file 8 "Drivers/STM32F1xx_HAL_Driver/Inc/stm32f1xx_hal_uart.h"
 301              		.file 9 "Core/Inc/usart.h"
 302              		.file 10 "Core/Inc/main.h"
ARM GAS  C:\Users\aavas\AppData\Local\Temp\cc2QEgka.s 			page 10


DEFINED SYMBOLS
                            *ABS*:00000000 usart.c
C:\Users\aavas\AppData\Local\Temp\cc2QEgka.s:19     .text.MX_USART1_UART_Init:00000000 $t
C:\Users\aavas\AppData\Local\Temp\cc2QEgka.s:25     .text.MX_USART1_UART_Init:00000000 MX_USART1_UART_Init
C:\Users\aavas\AppData\Local\Temp\cc2QEgka.s:82     .text.MX_USART1_UART_Init:0000002c $d
C:\Users\aavas\AppData\Local\Temp\cc2QEgka.s:290    .bss.huart1:00000000 huart1
C:\Users\aavas\AppData\Local\Temp\cc2QEgka.s:88     .text.HAL_UART_MspInit:00000000 $t
C:\Users\aavas\AppData\Local\Temp\cc2QEgka.s:94     .text.HAL_UART_MspInit:00000000 HAL_UART_MspInit
C:\Users\aavas\AppData\Local\Temp\cc2QEgka.s:224    .text.HAL_UART_MspInit:0000007c $d
C:\Users\aavas\AppData\Local\Temp\cc2QEgka.s:231    .text.HAL_UART_MspDeInit:00000000 $t
C:\Users\aavas\AppData\Local\Temp\cc2QEgka.s:237    .text.HAL_UART_MspDeInit:00000000 HAL_UART_MspDeInit
C:\Users\aavas\AppData\Local\Temp\cc2QEgka.s:279    .text.HAL_UART_MspDeInit:00000020 $d
C:\Users\aavas\AppData\Local\Temp\cc2QEgka.s:287    .bss.huart1:00000000 $d

UNDEFINED SYMBOLS
HAL_UART_Init
Error_Handler
HAL_GPIO_Init
HAL_GPIO_DeInit
